Command line:
   sync_counter_tb_isim_beh.exe
     -simmode  gui
     -simrunnum  2
     -socket  58026

Fri Dec 04 23:45:43 2020


 Elaboration Time: 0.03125 sec

 Current Memory Usage: 4678.32 Meg

 Total Signals          : 12
 Total Nets             : 69
 Total Signal Drivers   : 7
 Total Blocks           : 5
 Total Primitive Blocks : 4
 Total Processes        : 3
 Total Traceable Variables  : 12
 Total Scalar Nets and Variables : 449
Total Line Count : 19

 Total Simulation Time: 0.078125 sec

 Current Memory Usage: 4678.32 Meg

Fri Dec 04 23:46:12 2020

