Running: C:\Xilinx\14.7\ISE_DS\ISE\bin\nt64\unwrapped\fuse.exe -intstyle ise -incremental -lib secureip -o C:/Windows/System32/FSM_SEQUENCE_DETECTOR/tb_fsm_sequence_dedector_isim_beh.exe -prj C:/Windows/System32/FSM_SEQUENCE_DETECTOR/tb_fsm_sequence_dedector_beh.prj work.tb_fsm_sequence_dedector 
ISim P.20131013 (signature 0x7708f090)
Number of CPUs detected in this system: 8
Turning on mult-threading, number of parallel sub-compilation jobs: 16 
Determining compilation order of HDL files
Parsing VHDL file "C:/Windows/System32/FSM_SEQUENCE_DETECTOR/moore_sequence_detector.vhd" into library work
Parsing VHDL file "C:/Windows/System32/FSM_SEQUENCE_DETECTOR/testbench.vhd" into library work
Starting static elaboration
Completed static elaboration
Compiling package standard
Compiling package std_logic_1164
Compiling package std_logic_arith
Compiling package std_logic_unsigned
Compiling architecture behavioral of entity fsm_sequence_dedector [fsm_sequence_dedector_default]
Compiling architecture behavior of entity tb_fsm_sequence_dedector
Time Resolution for simulation is 1ps.
Waiting for 1 sub-compilation(s) to finish...
Compiled 7 VHDL Units
Built simulation executable C:/Windows/System32/FSM_SEQUENCE_DETECTOR/tb_fsm_sequence_dedector_isim_beh.exe
Fuse Memory Usage: 34664 KB
Fuse CPU Usage: 343 ms
