Command line:
   tb_fsm_sequence_dedector_isim_beh.exe
     -simmode  gui
     -simrunnum  0
     -socket  57047

Sat Dec 26 09:45:13 2020


 Elaboration Time: 0.03125 sec

 Current Memory Usage: 5150.06 Meg

 Total Signals          : 17
 Total Nets             : 24
 Total Signal Drivers   : 10
 Total Blocks           : 5
 Total Primitive Blocks : 4
 Total Processes        : 5
 Total Traceable Variables  : 11
 Total Scalar Nets and Variables : 403
Total Line Count : 70

 Total Simulation Time: 0.0625 sec

 Current Memory Usage: 5150.06 Meg

Sat Dec 26 09:45:37 2020

