Command line:
   tb_counters_isim_beh.exe
     -simmode  gui
     -simrunnum  1
     -socket  57973

Fri Dec 04 23:42:01 2020


 Elaboration Time: 0.03125 sec

 Current Memory Usage: 4678.22 Meg

 Total Signals          : 4
 Total Nets             : 7
 Total Signal Drivers   : 3
 Total Blocks           : 2
 Total Primitive Blocks : 2
 Total Processes        : 2
 Total Traceable Variables  : 8
 Total Scalar Nets and Variables : 367
Total Line Count : 11

 Total Simulation Time: 0.0625 sec

 Current Memory Usage: 4678.22 Meg

Fri Dec 04 23:54:09 2020

